# Logfile created on 2012-09-10 13:13:35 -0500 by logger.rb/31641
[original_customer] #<Customer:0x4275228>
[customer] #<Customer:0x645a6b0>
[original_customer] {"id"=>1000009, "name"=>"Fifth Tester", "home_phone"=>"5409994545", "mobile_phone"=>"", "business_phone"=>"", "fax"=>"", "email"=>"fifth.tester@gmail.com", "create_date"=>Tue, 17 Jul 2012 17:57:10 UTC +00:00, "modify_date"=>nil, "status"=>2}
[customer] {"id"=>1000009, "name"=>"Fifth Tester", "home_phone"=>"5409994545", "mobile_phone"=>"", "business_phone"=>"", "fax"=>"", "email"=>"fifth.tester@gmail.com", "create_date"=>Mon, 10 Sep 2012 18:16:51 UTC +00:00, "modify_date"=>nil, "status"=>1}
[original_customer] {"id"=>1000009, "name"=>"Fifth Tester", "home_phone"=>"5409994545", "mobile_phone"=>"", "business_phone"=>"", "fax"=>"", "email"=>"fifth.tester@gmail.com", "create_date"=>Tue, 17 Jul 2012 17:57:10 UTC +00:00, "modify_date"=>nil, "status"=>2}
[customer] {"id"=>1000009, "name"=>"Fifth Tester", "home_phone"=>"5409994545", "mobile_phone"=>"", "business_phone"=>"", "fax"=>"", "email"=>"fifth.tester@gmail.com", "create_date"=>Mon, 10 Sep 2012 18:24:26 UTC +00:00, "modify_date"=>nil, "status"=>1}
[original_customer] {"id"=>1000009, "name"=>"Fifth Tester", "home_phone"=>"5409994545", "mobile_phone"=>"", "business_phone"=>"", "fax"=>"", "email"=>"fifth.tester@gmail.com", "create_date"=>Tue, 17 Jul 2012 17:57:10 UTC +00:00, "modify_date"=>nil, "status"=>2}
[customer] {"id"=>1000009, "name"=>"Fifth Tester", "home_phone"=>"5409994545", "mobile_phone"=>"", "business_phone"=>"", "fax"=>"", "email"=>"fifth.tester@gmail.com", "create_date"=>Mon, 10 Sep 2012 18:29:11 UTC +00:00, "modify_date"=>nil, "status"=>1}
[address] {"id"=>"", "street1"=>"600 W Chicago Ave", "street2"=>"#2", "city"=>"Chicago", "state"=>"IL", "zip_code"=>"60606", "create_date"=>Mon, 10 Sep 2012 18:29:11 UTC +00:00, "modify_date"=>nil, "status"=>1}
[original_customer] {"id"=>1000009, "name"=>"Fifth Tester", "home_phone"=>"5409994545", "mobile_phone"=>"", "business_phone"=>"", "fax"=>"", "email"=>"fifth.tester@gmail.com", "create_date"=>Tue, 17 Jul 2012 17:57:10 UTC +00:00, "modify_date"=>nil, "status"=>2}
[customer] {"id"=>1000009, "name"=>"Fifth Tester", "home_phone"=>"5409994545", "mobile_phone"=>"", "business_phone"=>"", "fax"=>"", "email"=>"fifth.tester@gmail.com", "create_date"=>Mon, 10 Sep 2012 18:33:35 UTC +00:00, "modify_date"=>nil, "status"=>1}
[address] {"id"=>"", "street1"=>"600 W Chicago Ave", "street2"=>"#2", "city"=>"Chicago", "state"=>"IL", "zip_code"=>"60606", "create_date"=>Mon, 10 Sep 2012 18:33:35 UTC +00:00, "modify_date"=>nil, "status"=>1}
[original_customer] {"id"=>1000009, "name"=>"Fifth Tester", "home_phone"=>"5409994545", "mobile_phone"=>"", "business_phone"=>"", "fax"=>"", "email"=>"fifth.tester@gmail.com", "create_date"=>Tue, 17 Jul 2012 17:57:10 UTC +00:00, "modify_date"=>nil, "status"=>2}
[customer] {"id"=>1000009, "name"=>"Fifth Tester", "home_phone"=>"5409994545", "mobile_phone"=>"", "business_phone"=>"", "fax"=>"", "email"=>"fifth.tester@gmail.com", "create_date"=>Mon, 10 Sep 2012 18:38:43 UTC +00:00, "modify_date"=>nil, "status"=>1}
[address] {"id"=>"a19a9420-dd97-012f-8708-080027963a4b", "street1"=>"600 W Chicago Ave", "street2"=>"#2", "city"=>"Chicago", "state"=>"IL", "zip_code"=>"60606", "create_date"=>Mon, 10 Sep 2012 18:38:43 UTC +00:00, "modify_date"=>nil, "status"=>1}
[BEGIN] 2012-09-10 13:42:42 -0500
[original_customer] {"id"=>1000009, "name"=>"Fifth Tester", "home_phone"=>"5409994545", "mobile_phone"=>"", "business_phone"=>"", "fax"=>"", "email"=>"fifth.tester@gmail.com", "create_date"=>Tue, 17 Jul 2012 17:57:10 UTC +00:00, "modify_date"=>nil, "status"=>2}
[customer] {"id"=>1000009, "name"=>"Fifth Tester", "home_phone"=>"5409994545", "mobile_phone"=>"", "business_phone"=>"", "fax"=>"", "email"=>"fifth.tester@gmail.com", "create_date"=>Mon, 10 Sep 2012 18:42:42 UTC +00:00, "modify_date"=>nil, "status"=>1}
[address] {"id"=>"a19a9420-dd97-012f-8708-080027963a4b", "street1"=>"600 W Chicago Ave", "street2"=>"#2", "city"=>"Chicago", "state"=>"IL", "zip_code"=>"60606", "create_date"=>Mon, 10 Sep 2012 18:42:42 UTC +00:00, "modify_date"=>nil, "status"=>1}
[order] {"id"=>nil, "order_number"=>"NEW ORDER", "customer_id"=>nil, "address_id"=>"a19a9420-dd97-012f-8708-080027963a4b", "lead_source"=>nil, "delivery_option"=>"CERMAK", "price"=>100.0, "finishing"=>50.0, "discount"=>nil, "delivery_charge"=>nil, "sales_tax"=>9.25, "order_date"=>Mon, 10 Sep 2012 18:42:42 UTC +00:00, "estimated_time"=>7, "delivery_date"=>nil, "status"=>1}
[BEGIN] 2012-09-10 13:48:21 -0500
[original_customer] {"id"=>1000009, "name"=>"Fifth Tester", "home_phone"=>"5409994545", "mobile_phone"=>"", "business_phone"=>"", "fax"=>"", "email"=>"fifth.tester@gmail.com", "create_date"=>Tue, 17 Jul 2012 17:57:10 UTC +00:00, "modify_date"=>nil, "status"=>2}
[customer] {"id"=>1000009, "name"=>"Fifth Tester", "home_phone"=>"5409994545", "mobile_phone"=>"", "business_phone"=>"", "fax"=>"", "email"=>"fifth.tester@gmail.com", "create_date"=>Mon, 10 Sep 2012 18:48:21 UTC +00:00, "modify_date"=>nil, "status"=>1}
[address] {"id"=>"a19a9420-dd97-012f-8708-080027963a4b", "street1"=>"600 W Chicago Ave", "street2"=>"#2", "city"=>"Chicago", "state"=>"IL", "zip_code"=>"60606", "create_date"=>Mon, 10 Sep 2012 18:48:21 UTC +00:00, "modify_date"=>nil, "status"=>1}
[order] {"id"=>nil, "order_number"=>"NEW ORDER", "customer_id"=>1000009, "address_id"=>"a19a9420-dd97-012f-8708-080027963a4b", "lead_source"=>nil, "delivery_option"=>"CERMAK", "price"=>100.0, "finishing"=>50.0, "discount"=>nil, "delivery_charge"=>nil, "sales_tax"=>9.25, "order_date"=>Mon, 10 Sep 2012 18:48:21 UTC +00:00, "estimated_time"=>7, "delivery_date"=>nil, "status"=>1}
[BEGIN] 2012-09-10 13:54:14 -0500
[original_customer] {"id"=>1000009, "name"=>"Fifth Tester", "home_phone"=>"5409994545", "mobile_phone"=>"", "business_phone"=>"", "fax"=>"", "email"=>"fifth.tester@gmail.com", "create_date"=>Tue, 17 Jul 2012 17:57:10 UTC +00:00, "modify_date"=>nil, "status"=>2}
[customer] {"id"=>1000009, "name"=>"Fifth Tester", "home_phone"=>"5409994545", "mobile_phone"=>"", "business_phone"=>"", "fax"=>"", "email"=>"fifth.tester@gmail.com", "create_date"=>Mon, 10 Sep 2012 18:54:14 UTC +00:00, "modify_date"=>nil, "status"=>1}
[address] {"id"=>"a19a9420-dd97-012f-8708-080027963a4b", "street1"=>"600 W Chicago Ave", "street2"=>"#2", "city"=>"Chicago", "state"=>"IL", "zip_code"=>"60606", "create_date"=>Mon, 10 Sep 2012 18:54:14 UTC +00:00, "modify_date"=>nil, "status"=>1}
[order] {"id"=>nil, "order_number"=>"NEW ORDER", "customer_id"=>1000009, "address_id"=>"a19a9420-dd97-012f-8708-080027963a4b", "lead_source"=>nil, "delivery_option"=>"CERMAK", "price"=>100.0, "finishing"=>50.0, "discount"=>nil, "delivery_charge"=>nil, "sales_tax"=>9.25, "order_date"=>Mon, 10 Sep 2012 18:54:14 UTC +00:00, "estimated_time"=>7, "delivery_date"=>nil, "status"=>1}
[BEGIN] 2012-09-10 13:55:21 -0500
[root] C:/Users/Noi/Documents/GitHub/furniture-store/saas
