# Logfile created on 2012-09-12 13:13:52 -0500 by logger.rb/31641
[BEGIN] 2012-09-12 13:13:52 -0500
[BEGIN] 2012-09-12 13:14:38 -0500
[BEGIN] 2012-09-12 13:16:12 -0500
[BEGIN] 2012-09-12 13:17:26 -0500 => {"utf8"=>"✓", "_method"=>"put", "authenticity_token"=>"PJGk+Y3WV/iytvuHp950nWv2mwVVRPMdA7C6OGmFY+0=", "order"=>{"id"=>"8f783650-df2d-012f-877a-080027963a4b", "order_date"=>"06/24/2012", "order_number"=>"H12-0117", "estimated_time"=>"4", "delivery_option"=>"CERMAK", "price"=>"150.00", "sales_tax"=>"13.88", "finishing"=>"50.00", "delivery_charge"=>"0.00"}, "customer"=>{"id"=>"1000002", "name"=>"First Tester", "home_phone"=>"", "mobile_phone"=>"5404451555", "business_phone"=>"", "fax"=>"", "email"=>"first.tester@gmail.com"}, "address"=>{"id"=>"286a9280-dd8f-012f-86fa-080027963a4b", "street1"=>"330 S Well St.", "street2"=>"", "city"=>"Chicago", "state"=>"IL", "zip_code"=>"60606"}, "item"=>{"quantity"=>"", "wood"=>"", "finish"=>"", "description"=>""}, "order_subtotal"=>"163.88", "order_total"=>"213.88", "submit_button"=>"", "action"=>"update", "controller"=>"orders", "id"=>"8f783650-df2d-012f-877a-080027963a4b"}
[BEGIN] 2012-09-12 13:28:49 -0500 => {"utf8"=>"✓", "_method"=>"put", "authenticity_token"=>"PJGk+Y3WV/iytvuHp950nWv2mwVVRPMdA7C6OGmFY+0=", "order"=>{"id"=>"8f783650-df2d-012f-877a-080027963a4b", "order_date"=>"06/24/2012", "order_number"=>"H12-0117", "estimated_time"=>"4", "delivery_option"=>"CERMAK", "price"=>"150.00", "sales_tax"=>"13.88", "finishing"=>"50.00", "delivery_charge"=>"0.00"}, "customer"=>{"id"=>"1000002", "name"=>"First Tester", "home_phone"=>"", "mobile_phone"=>"5404451555", "business_phone"=>"", "fax"=>"", "email"=>"first.tester@gmail.com"}, "address"=>{"id"=>"286a9280-dd8f-012f-86fa-080027963a4b", "street1"=>"330 S Well St.", "street2"=>"", "city"=>"Chicago", "state"=>"IL", "zip_code"=>"60606"}, "item"=>{"quantity"=>"", "wood"=>"", "finish"=>"", "description"=>""}, "order_subtotal"=>"163.88", "order_total"=>"213.88", "submit_button"=>"", "action"=>"update", "controller"=>"orders", "id"=>"8f783650-df2d-012f-877a-080027963a4b"}
\tstore => HALSTED
[BEGIN] 2012-09-12 13:34:04 -0500 => {"utf8"=>"✓", "_method"=>"put", "authenticity_token"=>"PJGk+Y3WV/iytvuHp950nWv2mwVVRPMdA7C6OGmFY+0=", "order"=>{"id"=>"8f783650-df2d-012f-877a-080027963a4b", "order_date"=>"06/24/2012", "order_number"=>"H12-0117", "estimated_time"=>"4", "delivery_option"=>"CERMAK", "price"=>"150.00", "sales_tax"=>"13.88", "finishing"=>"50.00", "delivery_charge"=>"0.00"}, "customer"=>{"id"=>"1000002", "name"=>"First Tester", "home_phone"=>"", "mobile_phone"=>"5404451555", "business_phone"=>"", "fax"=>"", "email"=>"first.tester@gmail.com"}, "address"=>{"id"=>"286a9280-dd8f-012f-86fa-080027963a4b", "street1"=>"330 S Well St.", "street2"=>"", "city"=>"Chicago", "state"=>"IL", "zip_code"=>"60606"}, "item"=>{"quantity"=>"", "wood"=>"", "finish"=>"", "description"=>""}, "order_subtotal"=>"163.88", "order_total"=>"213.88", "submit_button"=>"", "action"=>"update", "controller"=>"orders", "id"=>"8f783650-df2d-012f-877a-080027963a4b"}
  store => HALSTED
  order_number => H12-0117
[original_customer] {"id"=>1000002, "name"=>"First Tester", "home_phone"=>nil, "mobile_phone"=>"5404451555", "business_phone"=>nil, "fax"=>nil, "email"=>"first.tester@gmail.com", "create_date"=>Tue, 12 Jun 2012 20:28:25 UTC +00:00, "modify_date"=>nil, "status"=>2}
[customer] {"id"=>1000002, "name"=>"First Tester", "home_phone"=>"", "mobile_phone"=>"5404451555", "business_phone"=>"", "fax"=>"", "email"=>"first.tester@gmail.com", "create_date"=>Wed, 12 Sep 2012 18:34:04 UTC +00:00, "modify_date"=>nil, "status"=>1}
[BEGIN] 2012-09-12 13:35:19 -0500 => {"utf8"=>"✓", "_method"=>"put", "authenticity_token"=>"PJGk+Y3WV/iytvuHp950nWv2mwVVRPMdA7C6OGmFY+0=", "order"=>{"id"=>"8f783650-df2d-012f-877a-080027963a4b", "order_date"=>"06/24/2012", "order_number"=>"H12-0117", "estimated_time"=>"4", "delivery_option"=>"CERMAK", "price"=>"120.00", "sales_tax"=>"11.10", "finishing"=>"80.00", "delivery_charge"=>"0.00"}, "customer"=>{"id"=>"1000002", "name"=>"First Tester", "home_phone"=>"", "mobile_phone"=>"5404451555", "business_phone"=>"", "fax"=>"", "email"=>"first.tester@gmail.com"}, "address"=>{"id"=>"286a9280-dd8f-012f-86fa-080027963a4b", "street1"=>"330 S Well St.", "street2"=>"", "city"=>"Chicago", "state"=>"IL", "zip_code"=>"60606"}, "item"=>{"quantity"=>"", "wood"=>"", "finish"=>"", "description"=>""}, "order_subtotal"=>"131.10", "order_total"=>"211.10", "submit_button"=>"", "action"=>"update", "controller"=>"orders", "id"=>"8f783650-df2d-012f-877a-080027963a4b"}
  store => HALSTED
  order_number => H12-0117
[original_customer] {"id"=>1000002, "name"=>"First Tester", "home_phone"=>nil, "mobile_phone"=>"5404451555", "business_phone"=>nil, "fax"=>nil, "email"=>"first.tester@gmail.com", "create_date"=>Tue, 12 Jun 2012 20:28:25 UTC +00:00, "modify_date"=>nil, "status"=>2}
[customer] {"id"=>1000002, "name"=>"First Tester", "home_phone"=>"", "mobile_phone"=>"5404451555", "business_phone"=>"", "fax"=>"", "email"=>"first.tester@gmail.com", "create_date"=>Wed, 12 Sep 2012 18:35:19 UTC +00:00, "modify_date"=>nil, "status"=>1}
[BEGIN] 2012-09-12 14:23:11 -0500 => {"utf8"=>"✓", "_method"=>"put", "authenticity_token"=>"PJGk+Y3WV/iytvuHp950nWv2mwVVRPMdA7C6OGmFY+0=", "order"=>{"id"=>"8f783650-df2d-012f-877a-080027963a4b", "order_date"=>"06/24/2012", "order_number"=>"H12-0117", "estimated_time"=>"4", "delivery_option"=>"CERMAK", "price"=>"120.00", "sales_tax"=>"11.10", "finishing"=>"80.00", "delivery_charge"=>"0.00"}, "customer"=>{"id"=>"1000002", "name"=>"First Tester", "home_phone"=>"", "mobile_phone"=>"5404451555", "business_phone"=>"", "fax"=>"", "email"=>"first.tester@gmail.com"}, "address"=>{"id"=>"286a9280-dd8f-012f-86fa-080027963a4b", "street1"=>"330 S Well St.", "street2"=>"", "city"=>"Chicago", "state"=>"IL", "zip_code"=>"60606"}, "item"=>{"quantity"=>"", "wood"=>"", "finish"=>"", "description"=>""}, "order_subtotal"=>"131.10", "order_total"=>"211.10", "submit_button"=>"", "action"=>"update", "controller"=>"orders", "id"=>"8f783650-df2d-012f-877a-080027963a4b"}
  store => HALSTED
  order_number => H12-0117
[original_customer] {"id"=>1000002, "name"=>"First Tester", "home_phone"=>nil, "mobile_phone"=>"5404451555", "business_phone"=>nil, "fax"=>nil, "email"=>"first.tester@gmail.com", "create_date"=>Tue, 12 Jun 2012 20:28:25 UTC +00:00, "modify_date"=>nil, "status"=>2}
[customer] {"id"=>1000002, "name"=>"First Tester", "home_phone"=>"", "mobile_phone"=>"5404451555", "business_phone"=>"", "fax"=>"", "email"=>"first.tester@gmail.com", "create_date"=>Wed, 12 Sep 2012 19:23:11 UTC +00:00, "modify_date"=>nil, "status"=>1}
[original_address] #<Address:0x404e458>
[address] #<Address:0x2854680>
[order] {"id"=>"8f783650-df2d-012f-877a-080027963a4b", "order_number"=>"H12-0117", "customer_id"=>1000002, "address_id"=>"286a9280-dd8f-012f-86fa-080027963a4b", "lead_source"=>nil, "delivery_option"=>"CERMAK", "price"=>120.0, "finishing"=>80.0, "discount"=>nil, "delivery_charge"=>0.0, "sales_tax"=>11.1, "order_date"=>Wed, 12 Sep 2012 19:23:11 UTC +00:00, "modify_date"=>nil, "estimated_time"=>4, "delivery_date"=>nil, "status"=>1}
[new_order] true => {"order_number"=>"H12-0117", "customer_id"=>1000002, "address_id"=>"286a9280-dd8f-012f-86fa-080027963a4b", "lead_source"=>nil, "delivery_option"=>"CERMAK", "price"=>120.0, "finishing"=>80.0, "discount"=>nil, "delivery_charge"=>0.0, "sales_tax"=>11.1, "order_date"=>Wed, 12 Sep 2012 19:23:11 UTC +00:00, "modify_date"=>nil, "estimated_time"=>4, "delivery_date"=>nil, "status"=>1}
